[2025-06-28T19:22:13.838Z] INFO: Starting Windows production setup for SkyVision Pro...
[2025-06-28T19:22:13.860Z] INFO: Checking prerequisites...
[2025-06-28T19:22:13.863Z] INFO: Node.js version: v22.17.0
[2025-06-28T19:22:14.576Z] INFO: npm version: 10.9.2
[2025-06-28T19:22:14.577Z] INFO: Prerequisites check passed
[2025-06-28T19:22:14.578Z] INFO: Setting up environment configuration...
[2025-06-28T19:22:14.581Z] INFO: Created .env.local from env.example
[2025-06-28T19:22:14.582Z] INFO: Installing dependencies...
[2025-06-28T19:25:15.246Z] INFO: Dependencies installed successfully
[2025-06-28T19:25:15.248Z] INFO: Setting up database...
[2025-06-28T19:25:15.249Z] INFO: Database migrations found
[2025-06-28T19:25:15.251Z] INFO: Database setup script created for Windows
[2025-06-28T19:25:15.251Z] INFO: Setting up security configurations...
[2025-06-28T19:25:15.254Z] INFO: Security configuration created
[2025-06-28T19:25:15.255Z] INFO: Setting up monitoring...
[2025-06-28T19:25:15.257Z] INFO: Monitoring configuration created
[2025-06-28T19:25:15.291Z] INFO: Generating production configuration...
[2025-06-28T19:25:15.300Z] INFO: Production Next.js configuration created
[2025-06-28T19:25:15.302Z] INFO: Running tests...
[2025-06-28T19:25:16.037Z] WARN: Some tests failed, but continuing with setup...
[2025-06-28T19:25:16.041Z] INFO: Creating deployment scripts for Windows...
[2025-06-28T19:25:16.047Z] INFO: Windows deployment scripts created
[2025-06-28T19:25:16.067Z] SUCCESS: Windows production setup completed successfully!